2024-07-17 11:08:32,597 DEBUG:Fetching video info from: https://twitsave.com/info?url=https://x.com/Tagelca/status/1813179284334202906
2024-07-17 11:08:32,597 DEBUG:Starting new HTTPS connection (1): twitsave.com:443
2024-07-17 11:08:33,510 DEBUG:https://twitsave.com:443 "GET /info?url=https://x.com/Tagelca/status/1813179284334202906 HTTP/11" 200 None
2024-07-17 11:08:33,510 DEBUG:Response status code: 200
2024-07-17 11:08:33,510 DEBUG:Fetched and parsed video info.
2024-07-17 11:08:33,510 DEBUG:Highest quality video URL: https://twitsave.com/download?file=aHR0cHM6Ly92aWRlby50d2ltZy5jb20vYW1wbGlmeV92aWRlby8xODEzMTc5MTc4MDcxNTcyNDgwL3ZpZC9hdmMxLzEwODB4MTkyMC9QV29UZC1IblFxZllIYmVFLm1wND90YWc9MTY%3D
2024-07-17 11:08:33,510 DEBUG:File name determined: Pablo es sencillamente el tío con más suerte de España simple.mp4
2024-07-17 11:08:33,525 DEBUG:Download path: C:/Users/mativ/Documents\Pablo es sencillamente el tío con más suerte de España simple.mp4
2024-07-17 11:08:33,525 DEBUG:Starting new HTTPS connection (1): twitsave.com:443
2024-07-17 11:08:34,376 DEBUG:https://twitsave.com:443 "GET /download?file=aHR0cHM6Ly92aWRlby50d2ltZy5jb20vYW1wbGlmeV92aWRlby8xODEzMTc5MTc4MDcxNTcyNDgwL3ZpZC9hdmMxLzEwODB4MTkyMC9QV29UZC1IblFxZllIYmVFLm1wND90YWc9MTY%3D HTTP/11" 200 None
2024-07-17 11:08:37,421 DEBUG:Video downloaded successfully: Pablo es sencillamente el tío con más suerte de España simple.mp4
2024-07-17 11:40:58,625 DEBUG:Fetching video info from: https://twitsave.com/info?url=https://x.com/bestwildclips/status/1813428062609887510
2024-07-17 11:40:58,630 DEBUG:Starting new HTTPS connection (1): twitsave.com:443
2024-07-17 11:40:59,379 DEBUG:https://twitsave.com:443 "GET /info?url=https://x.com/bestwildclips/status/1813428062609887510 HTTP/11" 200 None
2024-07-17 11:40:59,381 DEBUG:Response status code: 200
2024-07-17 11:40:59,389 DEBUG:Fetched and parsed video info.
2024-07-17 11:40:59,390 DEBUG:Highest quality video URL: https://twitsave.com/download?file=aHR0cHM6Ly92aWRlby50d2ltZy5jb20vZXh0X3R3X3ZpZGVvLzE4MTM0MjgwMzg3MzU5NDE2MzIvcHUvdmlkL2F2YzEvNzA4eDY5Ni9YVFBLaWU5QmhzQ2hNekJCLm1wND90YWc9MTI%3D
2024-07-17 11:40:59,391 DEBUG:File name determined: Bro was about to risk it all .mp4
2024-07-17 11:40:59,391 DEBUG:Download path: C:/Users/mativ/Documents\Bro was about to risk it all .mp4
2024-07-17 11:40:59,392 DEBUG:Starting new HTTPS connection (1): twitsave.com:443
2024-07-17 11:40:59,686 DEBUG:https://twitsave.com:443 "GET /download?file=aHR0cHM6Ly92aWRlby50d2ltZy5jb20vZXh0X3R3X3ZpZGVvLzE4MTM0MjgwMzg3MzU5NDE2MzIvcHUvdmlkL2F2YzEvNzA4eDY5Ni9YVFBLaWU5QmhzQ2hNekJCLm1wND90YWc9MTI%3D HTTP/11" 200 None
2024-07-17 11:41:00,829 DEBUG:Video downloaded successfully: Bro was about to risk it all .mp4
2024-07-17 11:42:08,705 DEBUG:Fetching video info from: https://twitsave.com/info?url=https://x.com/bestwildclips/status/1813428062609887510
2024-07-17 11:42:08,708 DEBUG:Starting new HTTPS connection (1): twitsave.com:443
2024-07-17 11:42:09,464 DEBUG:https://twitsave.com:443 "GET /info?url=https://x.com/bestwildclips/status/1813428062609887510 HTTP/11" 200 None
2024-07-17 11:42:09,465 DEBUG:Response status code: 200
2024-07-17 11:42:09,472 DEBUG:Fetched and parsed video info.
2024-07-17 11:42:09,473 DEBUG:Highest quality video URL: https://twitsave.com/download?file=aHR0cHM6Ly92aWRlby50d2ltZy5jb20vZXh0X3R3X3ZpZGVvLzE4MTM0MjgwMzg3MzU5NDE2MzIvcHUvdmlkL2F2YzEvNzA4eDY5Ni9YVFBLaWU5QmhzQ2hNekJCLm1wND90YWc9MTI%3D
2024-07-17 11:42:09,474 DEBUG:File name determined: Bro was about to risk it all .mp4
2024-07-17 11:42:09,474 DEBUG:Download path: C:/Users/mativ/Documents\Bro was about to risk it all .mp4
2024-07-17 11:42:09,475 DEBUG:Starting new HTTPS connection (1): twitsave.com:443
2024-07-17 11:42:10,214 DEBUG:https://twitsave.com:443 "GET /download?file=aHR0cHM6Ly92aWRlby50d2ltZy5jb20vZXh0X3R3X3ZpZGVvLzE4MTM0MjgwMzg3MzU5NDE2MzIvcHUvdmlkL2F2YzEvNzA4eDY5Ni9YVFBLaWU5QmhzQ2hNekJCLm1wND90YWc9MTI%3D HTTP/11" 200 None
2024-07-17 11:42:11,506 DEBUG:Video downloaded successfully: Bro was about to risk it all .mp4
2024-07-17 11:45:10,162 DEBUG:Fetching video info from: https://twitsave.com/info?url=https://x.com/bestwildclips/status/1813428062609887510
2024-07-17 11:45:10,165 DEBUG:Starting new HTTPS connection (1): twitsave.com:443
2024-07-17 11:45:10,933 DEBUG:https://twitsave.com:443 "GET /info?url=https://x.com/bestwildclips/status/1813428062609887510 HTTP/11" 200 None
2024-07-17 11:45:10,935 DEBUG:Response status code: 200
2024-07-17 11:45:10,943 DEBUG:Fetched and parsed video info.
2024-07-17 11:45:10,943 DEBUG:Highest quality video URL: https://twitsave.com/download?file=aHR0cHM6Ly92aWRlby50d2ltZy5jb20vZXh0X3R3X3ZpZGVvLzE4MTM0MjgwMzg3MzU5NDE2MzIvcHUvdmlkL2F2YzEvNzA4eDY5Ni9YVFBLaWU5QmhzQ2hNekJCLm1wND90YWc9MTI%3D
2024-07-17 11:45:10,944 DEBUG:File name determined: Bro was about to risk it all .mp4
2024-07-17 11:45:10,944 DEBUG:Download path: C:/Users/mativ/Documents\Bro was about to risk it all .mp4
2024-07-17 11:45:10,945 DEBUG:Starting new HTTPS connection (1): twitsave.com:443
2024-07-17 11:45:11,246 DEBUG:https://twitsave.com:443 "GET /download?file=aHR0cHM6Ly92aWRlby50d2ltZy5jb20vZXh0X3R3X3ZpZGVvLzE4MTM0MjgwMzg3MzU5NDE2MzIvcHUvdmlkL2F2YzEvNzA4eDY5Ni9YVFBLaWU5QmhzQ2hNekJCLm1wND90YWc9MTI%3D HTTP/11" 200 None
2024-07-17 11:45:12,398 DEBUG:Video downloaded successfully: Bro was about to risk it all .mp4
2024-07-17 11:48:47,146 DEBUG:Fetching video info from: https://twitsave.com/info?url=https://x.com/bestwildclips/status/1813428062609887510
2024-07-17 11:48:47,146 DEBUG:Starting new HTTPS connection (1): twitsave.com:443
2024-07-17 11:48:47,992 DEBUG:https://twitsave.com:443 "GET /info?url=https://x.com/bestwildclips/status/1813428062609887510 HTTP/11" 200 None
2024-07-17 11:48:48,007 DEBUG:Response status code: 200
2024-07-17 11:48:48,007 DEBUG:Fetched and parsed video info.
2024-07-17 11:48:48,007 DEBUG:Highest quality video URL: https://twitsave.com/download?file=aHR0cHM6Ly92aWRlby50d2ltZy5jb20vZXh0X3R3X3ZpZGVvLzE4MTM0MjgwMzg3MzU5NDE2MzIvcHUvdmlkL2F2YzEvNzA4eDY5Ni9YVFBLaWU5QmhzQ2hNekJCLm1wND90YWc9MTI%3D
2024-07-17 11:48:48,007 DEBUG:File name determined: Bro was about to risk it all .mp4
2024-07-17 11:48:48,007 DEBUG:Download path: C:/Users/mativ/Documents\Bro was about to risk it all .mp4
2024-07-17 11:48:48,007 DEBUG:Starting new HTTPS connection (1): twitsave.com:443
2024-07-17 11:48:48,837 DEBUG:https://twitsave.com:443 "GET /download?file=aHR0cHM6Ly92aWRlby50d2ltZy5jb20vZXh0X3R3X3ZpZGVvLzE4MTM0MjgwMzg3MzU5NDE2MzIvcHUvdmlkL2F2YzEvNzA4eDY5Ni9YVFBLaWU5QmhzQ2hNekJCLm1wND90YWc9MTI%3D HTTP/11" 200 None
2024-07-17 11:48:50,029 DEBUG:Video downloaded successfully: Bro was about to risk it all .mp4
2024-07-17 11:48:50,029 INFO:Made a temporary copy of erika furudo oh yeah very good.mp3 at C:\Users\mativ\AppData\Local\Temp\PSeqim3v18.mp3 - use other filenames with only safe characters to avoid this.
2024-07-17 11:48:50,044 DEBUG:Starting
2024-07-17 11:48:50,044 ERROR:
    Error 305 for command:
        open "C:\Users\mativ\AppData\Local\Temp\PSeqim3v18.mp3"
    No puede especificar más caracteres después de una cadena entre comillas.
2024-07-17 11:48:50,044 ERROR:
    Error 263 for command:
        close "C:\Users\mativ\AppData\Local\Temp\PSeqim3v18.mp3"
    El dispositivo especificado no está abierto o MCI no lo reconoce.
2024-07-17 11:48:50,044 WARNING:Failed to close the file: "C:\Users\mativ\AppData\Local\Temp\PSeqim3v18.mp3"
2024-07-17 11:49:55,042 DEBUG:Fetching video info from: https://twitsave.com/info?url=https://x.com/bestwildclips/status/1813428062609887510
2024-07-17 11:49:55,046 DEBUG:Starting new HTTPS connection (1): twitsave.com:443
2024-07-17 11:49:55,886 DEBUG:https://twitsave.com:443 "GET /info?url=https://x.com/bestwildclips/status/1813428062609887510 HTTP/11" 200 None
2024-07-17 11:49:55,888 DEBUG:Response status code: 200
2024-07-17 11:49:55,895 DEBUG:Fetched and parsed video info.
2024-07-17 11:49:55,896 DEBUG:Highest quality video URL: https://twitsave.com/download?file=aHR0cHM6Ly92aWRlby50d2ltZy5jb20vZXh0X3R3X3ZpZGVvLzE4MTM0MjgwMzg3MzU5NDE2MzIvcHUvdmlkL2F2YzEvNzA4eDY5Ni9YVFBLaWU5QmhzQ2hNekJCLm1wND90YWc9MTI%3D
2024-07-17 11:49:55,896 DEBUG:File name determined: Bro was about to risk it all .mp4
2024-07-17 11:49:55,897 DEBUG:Download path: C:/Users/mativ/Documents\Bro was about to risk it all .mp4
2024-07-17 11:49:55,897 DEBUG:Starting new HTTPS connection (1): twitsave.com:443
2024-07-17 11:49:56,729 DEBUG:https://twitsave.com:443 "GET /download?file=aHR0cHM6Ly92aWRlby50d2ltZy5jb20vZXh0X3R3X3ZpZGVvLzE4MTM0MjgwMzg3MzU5NDE2MzIvcHUvdmlkL2F2YzEvNzA4eDY5Ni9YVFBLaWU5QmhzQ2hNekJCLm1wND90YWc9MTI%3D HTTP/11" 200 None
2024-07-17 11:49:57,923 DEBUG:Video downloaded successfully: Bro was about to risk it all .mp4
2024-07-17 11:49:57,923 DEBUG:Starting
2024-07-17 11:50:03,176 DEBUG:Returning
2024-07-17 11:50:03,176 ERROR:
    Error 263 for command:
        close erika.mp3
    El dispositivo especificado no está abierto o MCI no lo reconoce.
2024-07-17 11:50:03,176 WARNING:Failed to close the file: erika.mp3
2024-07-17 12:04:10,093 DEBUG:Starting
2024-07-17 12:04:15,230 DEBUG:Returning
2024-07-17 12:04:15,230 ERROR:
    Error 263 for command:
        close erika.mp3
    El dispositivo especificado no está abierto o MCI no lo reconoce.
2024-07-17 12:04:15,231 WARNING:Failed to close the file: erika.mp3
2024-07-17 12:04:15,617 DEBUG:Starting
2024-07-17 12:04:15,650 ERROR:
    Error 259 for command:
        play erika.mp3 wait
    El controlador no puede reconocer el parámetro especificado.
2024-07-17 12:04:15,650 ERROR:
    Error 263 for command:
        close erika.mp3
    El dispositivo especificado no está abierto o MCI no lo reconoce.
2024-07-17 12:04:15,650 WARNING:Failed to close the file: erika.mp3
2024-07-17 12:04:17,210 DEBUG:Starting
2024-07-17 12:04:17,295 ERROR:
    Error 259 for command:
        play erika.mp3 wait
    El controlador no puede reconocer el parámetro especificado.
2024-07-17 12:04:17,295 ERROR:
    Error 263 for command:
        close erika.mp3
    El dispositivo especificado no está abierto o MCI no lo reconoce.
2024-07-17 12:04:17,295 WARNING:Failed to close the file: erika.mp3
2024-07-17 12:04:17,809 DEBUG:Starting
2024-07-17 12:04:17,843 ERROR:
    Error 259 for command:
        play erika.mp3 wait
    El controlador no puede reconocer el parámetro especificado.
2024-07-17 12:04:17,844 ERROR:
    Error 263 for command:
        close erika.mp3
    El dispositivo especificado no está abierto o MCI no lo reconoce.
2024-07-17 12:04:17,844 WARNING:Failed to close the file: erika.mp3
2024-07-17 12:04:18,265 DEBUG:Starting
2024-07-17 12:04:27,114 DEBUG:Starting
2024-07-17 12:04:32,231 DEBUG:Returning
2024-07-17 12:04:32,231 ERROR:
    Error 263 for command:
        close erika.mp3
    El dispositivo especificado no está abierto o MCI no lo reconoce.
2024-07-17 12:04:32,231 WARNING:Failed to close the file: erika.mp3
2024-07-17 12:04:32,459 DEBUG:Starting
2024-07-17 12:04:32,490 ERROR:
    Error 259 for command:
        play erika.mp3 wait
    El controlador no puede reconocer el parámetro especificado.
2024-07-17 12:04:32,490 ERROR:
    Error 263 for command:
        close erika.mp3
    El dispositivo especificado no está abierto o MCI no lo reconoce.
2024-07-17 12:04:32,490 WARNING:Failed to close the file: erika.mp3
2024-07-17 12:04:40,035 DEBUG:Starting
2024-07-17 12:04:40,066 ERROR:
    Error 259 for command:
        play erika.mp3 wait
    El controlador no puede reconocer el parámetro especificado.
2024-07-17 12:04:40,066 ERROR:
    Error 263 for command:
        close erika.mp3
    El dispositivo especificado no está abierto o MCI no lo reconoce.
2024-07-17 12:04:40,066 WARNING:Failed to close the file: erika.mp3
2024-07-17 12:04:41,369 DEBUG:Starting
2024-07-17 12:04:41,404 ERROR:
    Error 259 for command:
        play erika.mp3 wait
    El controlador no puede reconocer el parámetro especificado.
2024-07-17 12:04:41,404 ERROR:
    Error 263 for command:
        close erika.mp3
    El dispositivo especificado no está abierto o MCI no lo reconoce.
2024-07-17 12:04:41,404 WARNING:Failed to close the file: erika.mp3
2024-07-17 12:04:41,930 DEBUG:Starting
2024-07-17 12:04:47,010 DEBUG:Returning
2024-07-17 12:04:47,010 ERROR:
    Error 263 for command:
        close erika.mp3
    El dispositivo especificado no está abierto o MCI no lo reconoce.
2024-07-17 12:04:47,010 WARNING:Failed to close the file: erika.mp3
2024-07-17 12:04:49,193 DEBUG:Starting
2024-07-17 12:13:14,011 DEBUG:matched regex search: (?:v=|\/)([0-9A-Za-z_-]{11}).*
2024-07-17 12:13:14,672 DEBUG:applying descrambler
2024-07-17 12:13:14,674 DEBUG:finding initial function name
2024-07-17 12:13:14,676 DEBUG:Pattern failed: ytplayer\.config\s*=\s*
2024-07-17 12:13:14,676 DEBUG:Could not parse object.
2024-07-17 12:13:14,691 DEBUG:finished regex search, matched: (/s/player/[\w\d]+/[\w\d_/.]+/base\.js)
2024-07-17 12:13:14,824 DEBUG:finding initial function name
2024-07-17 12:13:15,054 DEBUG:finished regex search, matched: (?P<sig>[a-zA-Z0-9$]+)\s*=\s*function\(\s*a\s*\)\s*{\s*a\s*=\s*a\.split\(\s*""\s*\)
2024-07-17 12:13:15,054 DEBUG:Finding throttling function name
2024-07-17 12:13:15,057 DEBUG:finished regex search, matched: (?:\.get\(\"n\"\)\)&&\(b=|b=String\.fromCharCode\(\d+\),c=a\.get\(b\)\)&&\(c=)([a-zA-Z0-9$]+)(?:\[(\d+)\])?\([a-zA-Z0-9]\)
2024-07-17 12:13:15,059 DEBUG:signature found, skip decipher
2024-07-17 12:13:15,059 DEBUG:signature found, skip decipher
2024-07-17 12:13:15,059 DEBUG:signature found, skip decipher
2024-07-17 12:13:15,059 DEBUG:signature found, skip decipher
2024-07-17 12:13:15,059 DEBUG:signature found, skip decipher
2024-07-17 12:13:15,060 DEBUG:signature found, skip decipher
2024-07-17 12:13:15,060 DEBUG:signature found, skip decipher
2024-07-17 12:13:15,060 DEBUG:signature found, skip decipher
2024-07-17 12:13:15,060 DEBUG:signature found, skip decipher
2024-07-17 12:13:15,060 DEBUG:signature found, skip decipher
2024-07-17 12:13:15,060 DEBUG:signature found, skip decipher
2024-07-17 12:13:15,061 DEBUG:signature found, skip decipher
2024-07-17 12:13:15,061 DEBUG:signature found, skip decipher
2024-07-17 12:13:15,061 DEBUG:signature found, skip decipher
2024-07-17 12:13:15,061 DEBUG:signature found, skip decipher
2024-07-17 12:13:15,061 DEBUG:signature found, skip decipher
2024-07-17 12:13:15,061 DEBUG:signature found, skip decipher
2024-07-17 12:13:15,061 DEBUG:signature found, skip decipher
2024-07-17 12:13:15,062 DEBUG:signature found, skip decipher
2024-07-17 12:13:15,062 DEBUG:signature found, skip decipher
2024-07-17 12:13:15,105 DEBUG:downloading (1235455 total bytes) file to C:/Users/mativ/Documents\temp_video.mp4
2024-07-17 12:13:15,219 DEBUG:download remaining: 0
2024-07-17 12:13:15,220 DEBUG:download finished
2024-07-17 12:13:15,220 DEBUG:downloading (74265 total bytes) file to C:/Users/mativ/Documents\temp_audio.mp4
2024-07-17 12:13:15,329 DEBUG:download remaining: 0
2024-07-17 12:13:15,329 DEBUG:download finished
2024-07-17 12:13:15,692 DEBUG:Starting
2024-07-17 12:13:15,878 DEBUG:Returning
2024-07-17 12:13:15,879 ERROR:
    Error 263 for command:
        close erika.mp3
    El dispositivo especificado no está abierto o MCI no lo reconoce.
2024-07-17 12:13:15,879 WARNING:Failed to close the file: erika.mp3
2024-07-17 12:13:22,042 DEBUG:matched regex search: (?:v=|\/)([0-9A-Za-z_-]{11}).*
2024-07-17 12:13:22,545 DEBUG:applying descrambler
2024-07-17 12:13:22,546 DEBUG:finding initial function name
2024-07-17 12:13:22,546 DEBUG:Pattern failed: ytplayer\.config\s*=\s*
2024-07-17 12:13:22,547 DEBUG:Could not parse object.
2024-07-17 12:13:22,562 DEBUG:finished regex search, matched: (/s/player/[\w\d]+/[\w\d_/.]+/base\.js)
2024-07-17 12:13:22,562 DEBUG:finding initial function name
2024-07-17 12:13:22,773 DEBUG:finished regex search, matched: (?P<sig>[a-zA-Z0-9$]+)\s*=\s*function\(\s*a\s*\)\s*{\s*a\s*=\s*a\.split\(\s*""\s*\)
2024-07-17 12:13:22,773 DEBUG:Finding throttling function name
2024-07-17 12:13:22,776 DEBUG:finished regex search, matched: (?:\.get\(\"n\"\)\)&&\(b=|b=String\.fromCharCode\(\d+\),c=a\.get\(b\)\)&&\(c=)([a-zA-Z0-9$]+)(?:\[(\d+)\])?\([a-zA-Z0-9]\)
2024-07-17 12:13:22,777 DEBUG:signature found, skip decipher
2024-07-17 12:13:22,777 DEBUG:signature found, skip decipher
2024-07-17 12:13:22,777 DEBUG:signature found, skip decipher
2024-07-17 12:13:22,777 DEBUG:signature found, skip decipher
2024-07-17 12:13:22,777 DEBUG:signature found, skip decipher
2024-07-17 12:13:22,777 DEBUG:signature found, skip decipher
2024-07-17 12:13:22,778 DEBUG:signature found, skip decipher
2024-07-17 12:13:22,778 DEBUG:signature found, skip decipher
2024-07-17 12:13:22,778 DEBUG:signature found, skip decipher
2024-07-17 12:13:22,778 DEBUG:signature found, skip decipher
2024-07-17 12:13:22,778 DEBUG:signature found, skip decipher
2024-07-17 12:13:22,778 DEBUG:signature found, skip decipher
2024-07-17 12:13:22,778 DEBUG:signature found, skip decipher
2024-07-17 12:13:22,779 DEBUG:signature found, skip decipher
2024-07-17 12:13:22,779 DEBUG:signature found, skip decipher
2024-07-17 12:13:22,779 DEBUG:signature found, skip decipher
2024-07-17 12:13:22,779 DEBUG:signature found, skip decipher
2024-07-17 12:13:22,779 DEBUG:signature found, skip decipher
2024-07-17 12:13:22,779 DEBUG:signature found, skip decipher
2024-07-17 12:13:22,780 DEBUG:signature found, skip decipher
2024-07-17 12:13:22,816 DEBUG:downloading (1235455 total bytes) file to C:/Users/mativ/Documents\temp_video.mp4
2024-07-17 12:13:22,909 DEBUG:download remaining: 0
2024-07-17 12:13:22,909 DEBUG:download finished
2024-07-17 12:13:22,910 DEBUG:downloading (74265 total bytes) file to C:/Users/mativ/Documents\temp_audio.mp4
2024-07-17 12:13:22,986 DEBUG:download remaining: 0
2024-07-17 12:13:22,987 DEBUG:download finished
2024-07-17 12:13:23,336 DEBUG:Starting
2024-07-17 12:13:23,415 DEBUG:Returning
2024-07-17 12:13:23,415 ERROR:
    Error 263 for command:
        close erika.mp3
    El dispositivo especificado no está abierto o MCI no lo reconoce.
2024-07-17 12:13:23,415 WARNING:Failed to close the file: erika.mp3
2024-07-17 12:13:23,969 DEBUG:matched regex search: (?:v=|\/)([0-9A-Za-z_-]{11}).*
2024-07-17 12:13:24,545 DEBUG:applying descrambler
2024-07-17 12:13:24,546 DEBUG:finding initial function name
2024-07-17 12:13:24,547 DEBUG:Pattern failed: ytplayer\.config\s*=\s*
2024-07-17 12:13:24,547 DEBUG:Could not parse object.
2024-07-17 12:13:24,564 DEBUG:finished regex search, matched: (/s/player/[\w\d]+/[\w\d_/.]+/base\.js)
2024-07-17 12:13:24,564 DEBUG:finding initial function name
2024-07-17 12:13:24,774 DEBUG:finished regex search, matched: (?P<sig>[a-zA-Z0-9$]+)\s*=\s*function\(\s*a\s*\)\s*{\s*a\s*=\s*a\.split\(\s*""\s*\)
2024-07-17 12:13:24,774 DEBUG:Finding throttling function name
2024-07-17 12:13:24,777 DEBUG:finished regex search, matched: (?:\.get\(\"n\"\)\)&&\(b=|b=String\.fromCharCode\(\d+\),c=a\.get\(b\)\)&&\(c=)([a-zA-Z0-9$]+)(?:\[(\d+)\])?\([a-zA-Z0-9]\)
2024-07-17 12:13:24,778 DEBUG:signature found, skip decipher
2024-07-17 12:13:24,778 DEBUG:signature found, skip decipher
2024-07-17 12:13:24,779 DEBUG:signature found, skip decipher
2024-07-17 12:13:24,779 DEBUG:signature found, skip decipher
2024-07-17 12:13:24,779 DEBUG:signature found, skip decipher
2024-07-17 12:13:24,779 DEBUG:signature found, skip decipher
2024-07-17 12:13:24,779 DEBUG:signature found, skip decipher
2024-07-17 12:13:24,779 DEBUG:signature found, skip decipher
2024-07-17 12:13:24,779 DEBUG:signature found, skip decipher
2024-07-17 12:13:24,780 DEBUG:signature found, skip decipher
2024-07-17 12:13:24,780 DEBUG:signature found, skip decipher
2024-07-17 12:13:24,780 DEBUG:signature found, skip decipher
2024-07-17 12:13:24,780 DEBUG:signature found, skip decipher
2024-07-17 12:13:24,780 DEBUG:signature found, skip decipher
2024-07-17 12:13:24,780 DEBUG:signature found, skip decipher
2024-07-17 12:13:24,780 DEBUG:signature found, skip decipher
2024-07-17 12:13:24,780 DEBUG:signature found, skip decipher
2024-07-17 12:13:24,780 DEBUG:signature found, skip decipher
2024-07-17 12:13:24,780 DEBUG:signature found, skip decipher
2024-07-17 12:13:24,781 DEBUG:signature found, skip decipher
2024-07-17 12:13:24,814 DEBUG:downloading (1235455 total bytes) file to C:/Users/mativ/Documents\temp_video.mp4
2024-07-17 12:13:24,907 DEBUG:download remaining: 0
2024-07-17 12:13:24,908 DEBUG:download finished
2024-07-17 12:13:24,908 DEBUG:downloading (74265 total bytes) file to C:/Users/mativ/Documents\temp_audio.mp4
2024-07-17 12:13:24,984 DEBUG:download remaining: 0
2024-07-17 12:13:24,984 DEBUG:download finished
2024-07-17 12:13:25,336 DEBUG:Starting
2024-07-17 12:13:25,364 DEBUG:Returning
2024-07-17 12:13:25,364 ERROR:
    Error 263 for command:
        close erika.mp3
    El dispositivo especificado no está abierto o MCI no lo reconoce.
2024-07-17 12:13:25,364 WARNING:Failed to close the file: erika.mp3
2024-07-28 00:17:47,552 DEBUG:matched regex search: (?:v=|\/)([0-9A-Za-z_-]{11}).*
2024-07-28 00:17:47,733 DEBUG:applying descrambler
2024-07-28 00:17:47,741 DEBUG:downloading (5057260 total bytes) file to C:\Users\mativ\Documents\temp_video.mp4
2024-07-28 00:17:49,778 DEBUG:download remaining: 0
2024-07-28 00:17:49,778 DEBUG:download finished
2024-07-28 00:17:49,778 DEBUG:downloading (93924 total bytes) file to C:\Users\mativ\Documents\temp_audio.mp4
2024-07-28 00:17:50,585 DEBUG:download remaining: 0
2024-07-28 00:17:50,585 DEBUG:download finished
2024-07-28 00:17:51,841 DEBUG:Starting
2024-07-28 00:17:53,348 DEBUG:Returning
2024-07-28 00:17:53,349 ERROR:
    Error 263 for command:
        close erika.mp3
    El dispositivo especificado no está abierto o MCI no lo reconoce.
2024-07-28 00:17:53,350 WARNING:Failed to close the file: erika.mp3
