2024-07-17 12:15:56,755 DEBUG:matched regex search: (?:v=|\/)([0-9A-Za-z_-]{11}).*
2024-07-17 12:15:57,336 DEBUG:applying descrambler
2024-07-17 12:15:57,337 DEBUG:finding initial function name
2024-07-17 12:15:57,338 DEBUG:Pattern failed: ytplayer\.config\s*=\s*
2024-07-17 12:15:57,338 DEBUG:Could not parse object.
2024-07-17 12:15:57,353 DEBUG:finished regex search, matched: (/s/player/[\w\d]+/[\w\d_/.]+/base\.js)
2024-07-17 12:15:57,481 DEBUG:finding initial function name
2024-07-17 12:15:57,693 DEBUG:finished regex search, matched: (?P<sig>[a-zA-Z0-9$]+)\s*=\s*function\(\s*a\s*\)\s*{\s*a\s*=\s*a\.split\(\s*""\s*\)
2024-07-17 12:15:57,693 DEBUG:Finding throttling function name
2024-07-17 12:15:57,696 DEBUG:finished regex search, matched: (?:\.get\(\"n\"\)\)&&\(b=|b=String\.fromCharCode\(\d+\),c=a\.get\(b\)\)&&\(c=)([a-zA-Z0-9$]+)(?:\[(\d+)\])?\([a-zA-Z0-9]\)
2024-07-17 12:15:57,698 DEBUG:signature found, skip decipher
2024-07-17 12:15:57,699 DEBUG:signature found, skip decipher
2024-07-17 12:15:57,699 DEBUG:signature found, skip decipher
2024-07-17 12:15:57,699 DEBUG:signature found, skip decipher
2024-07-17 12:15:57,699 DEBUG:signature found, skip decipher
2024-07-17 12:15:57,699 DEBUG:signature found, skip decipher
2024-07-17 12:15:57,699 DEBUG:signature found, skip decipher
2024-07-17 12:15:57,699 DEBUG:signature found, skip decipher
2024-07-17 12:15:57,701 DEBUG:signature found, skip decipher
2024-07-17 12:15:57,701 DEBUG:signature found, skip decipher
2024-07-17 12:15:57,701 DEBUG:signature found, skip decipher
2024-07-17 12:15:57,701 DEBUG:signature found, skip decipher
2024-07-17 12:15:57,701 DEBUG:signature found, skip decipher
2024-07-17 12:15:57,701 DEBUG:signature found, skip decipher
2024-07-17 12:15:57,701 DEBUG:signature found, skip decipher
2024-07-17 12:15:57,702 DEBUG:signature found, skip decipher
2024-07-17 12:15:57,702 DEBUG:signature found, skip decipher
2024-07-17 12:15:57,702 DEBUG:signature found, skip decipher
2024-07-17 12:15:57,702 DEBUG:signature found, skip decipher
2024-07-17 12:15:57,702 DEBUG:signature found, skip decipher
2024-07-17 12:15:57,733 DEBUG:downloading (1235455 total bytes) file to C:/Users/mativ/Documents\temp_video.mp4
2024-07-17 12:15:57,831 DEBUG:download remaining: 0
2024-07-17 12:15:57,832 DEBUG:download finished
2024-07-17 12:15:57,832 DEBUG:downloading (74265 total bytes) file to C:/Users/mativ/Documents\temp_audio.mp4
2024-07-17 12:15:57,938 DEBUG:download remaining: 0
2024-07-17 12:15:57,938 DEBUG:download finished
2024-07-17 12:15:58,308 DEBUG:Starting
2024-07-17 12:15:58,320 ERROR:
    Error 275 for command:
        open erika.mp3
    No se ha encontrado el archivo especificado. Asegúrese de que la ruta de acceso y el nombre del archivo sean correctos.
2024-07-17 12:15:58,321 ERROR:
    Error 263 for command:
        close erika.mp3
    El dispositivo especificado no está abierto o MCI no lo reconoce.
2024-07-17 12:15:58,321 WARNING:Failed to close the file: erika.mp3
2024-07-17 12:16:19,257 DEBUG:matched regex search: (?:v=|\/)([0-9A-Za-z_-]{11}).*
2024-07-17 12:16:19,839 DEBUG:applying descrambler
2024-07-17 12:16:19,839 DEBUG:finding initial function name
2024-07-17 12:16:19,839 DEBUG:Pattern failed: ytplayer\.config\s*=\s*
2024-07-17 12:16:19,839 DEBUG:Could not parse object.
2024-07-17 12:16:19,854 DEBUG:finished regex search, matched: (/s/player/[\w\d]+/[\w\d_/.]+/base\.js)
2024-07-17 12:16:19,854 DEBUG:finding initial function name
2024-07-17 12:16:20,074 DEBUG:finished regex search, matched: (?P<sig>[a-zA-Z0-9$]+)\s*=\s*function\(\s*a\s*\)\s*{\s*a\s*=\s*a\.split\(\s*""\s*\)
2024-07-17 12:16:20,074 DEBUG:Finding throttling function name
2024-07-17 12:16:20,090 DEBUG:finished regex search, matched: (?:\.get\(\"n\"\)\)&&\(b=|b=String\.fromCharCode\(\d+\),c=a\.get\(b\)\)&&\(c=)([a-zA-Z0-9$]+)(?:\[(\d+)\])?\([a-zA-Z0-9]\)
2024-07-17 12:16:20,090 DEBUG:signature found, skip decipher
2024-07-17 12:16:20,090 DEBUG:signature found, skip decipher
2024-07-17 12:16:20,090 DEBUG:signature found, skip decipher
2024-07-17 12:16:20,090 DEBUG:signature found, skip decipher
2024-07-17 12:16:20,090 DEBUG:signature found, skip decipher
2024-07-17 12:16:20,090 DEBUG:signature found, skip decipher
2024-07-17 12:16:20,090 DEBUG:signature found, skip decipher
2024-07-17 12:16:20,090 DEBUG:signature found, skip decipher
2024-07-17 12:16:20,090 DEBUG:signature found, skip decipher
2024-07-17 12:16:20,090 DEBUG:signature found, skip decipher
2024-07-17 12:16:20,090 DEBUG:signature found, skip decipher
2024-07-17 12:16:20,090 DEBUG:signature found, skip decipher
2024-07-17 12:16:20,090 DEBUG:signature found, skip decipher
2024-07-17 12:16:20,090 DEBUG:signature found, skip decipher
2024-07-17 12:16:20,090 DEBUG:signature found, skip decipher
2024-07-17 12:16:20,090 DEBUG:signature found, skip decipher
2024-07-17 12:16:20,090 DEBUG:signature found, skip decipher
2024-07-17 12:16:20,090 DEBUG:signature found, skip decipher
2024-07-17 12:16:20,090 DEBUG:signature found, skip decipher
2024-07-17 12:16:20,090 DEBUG:signature found, skip decipher
2024-07-17 12:16:20,121 DEBUG:downloading (1235455 total bytes) file to C:/Users/mativ/Documents\temp_video.mp4
2024-07-17 12:16:20,215 DEBUG:download remaining: 0
2024-07-17 12:16:20,215 DEBUG:download finished
2024-07-17 12:16:20,215 DEBUG:downloading (74265 total bytes) file to C:/Users/mativ/Documents\temp_audio.mp4
2024-07-17 12:16:20,293 DEBUG:download remaining: 0
2024-07-17 12:16:20,293 DEBUG:download finished
2024-07-17 12:16:20,654 DEBUG:Starting
2024-07-17 12:16:20,823 DEBUG:Returning
2024-07-17 12:16:20,823 ERROR:
    Error 263 for command:
        close erika.mp3
    El dispositivo especificado no está abierto o MCI no lo reconoce.
2024-07-17 12:16:20,823 WARNING:Failed to close the file: erika.mp3
2024-07-17 12:16:28,795 DEBUG:matched regex search: (?:v=|\/)([0-9A-Za-z_-]{11}).*
2024-07-17 12:16:29,359 DEBUG:applying descrambler
2024-07-17 12:16:29,360 DEBUG:finding initial function name
2024-07-17 12:16:29,361 DEBUG:Pattern failed: ytplayer\.config\s*=\s*
2024-07-17 12:16:29,361 DEBUG:Could not parse object.
2024-07-17 12:16:29,376 DEBUG:finished regex search, matched: (/s/player/[\w\d]+/[\w\d_/.]+/base\.js)
2024-07-17 12:16:29,376 DEBUG:finding initial function name
2024-07-17 12:16:29,586 DEBUG:finished regex search, matched: (?P<sig>[a-zA-Z0-9$]+)\s*=\s*function\(\s*a\s*\)\s*{\s*a\s*=\s*a\.split\(\s*""\s*\)
2024-07-17 12:16:29,587 DEBUG:Finding throttling function name
2024-07-17 12:16:29,589 DEBUG:finished regex search, matched: (?:\.get\(\"n\"\)\)&&\(b=|b=String\.fromCharCode\(\d+\),c=a\.get\(b\)\)&&\(c=)([a-zA-Z0-9$]+)(?:\[(\d+)\])?\([a-zA-Z0-9]\)
2024-07-17 12:16:29,590 DEBUG:signature found, skip decipher
2024-07-17 12:16:29,590 DEBUG:signature found, skip decipher
2024-07-17 12:16:29,591 DEBUG:signature found, skip decipher
2024-07-17 12:16:29,591 DEBUG:signature found, skip decipher
2024-07-17 12:16:29,591 DEBUG:signature found, skip decipher
2024-07-17 12:16:29,591 DEBUG:signature found, skip decipher
2024-07-17 12:16:29,591 DEBUG:signature found, skip decipher
2024-07-17 12:16:29,591 DEBUG:signature found, skip decipher
2024-07-17 12:16:29,592 DEBUG:signature found, skip decipher
2024-07-17 12:16:29,592 DEBUG:signature found, skip decipher
2024-07-17 12:16:29,592 DEBUG:signature found, skip decipher
2024-07-17 12:16:29,592 DEBUG:signature found, skip decipher
2024-07-17 12:16:29,592 DEBUG:signature found, skip decipher
2024-07-17 12:16:29,592 DEBUG:signature found, skip decipher
2024-07-17 12:16:29,592 DEBUG:signature found, skip decipher
2024-07-17 12:16:29,593 DEBUG:signature found, skip decipher
2024-07-17 12:16:29,593 DEBUG:signature found, skip decipher
2024-07-17 12:16:29,593 DEBUG:signature found, skip decipher
2024-07-17 12:16:29,593 DEBUG:signature found, skip decipher
2024-07-17 12:16:29,593 DEBUG:signature found, skip decipher
2024-07-17 12:16:29,626 DEBUG:downloading (1235455 total bytes) file to C:/Users/mativ/Documents\temp_video.mp4
2024-07-17 12:16:29,718 DEBUG:download remaining: 0
2024-07-17 12:16:29,719 DEBUG:download finished
2024-07-17 12:16:29,719 DEBUG:downloading (74265 total bytes) file to C:/Users/mativ/Documents\temp_audio.mp4
2024-07-17 12:16:29,794 DEBUG:download remaining: 0
2024-07-17 12:16:29,795 DEBUG:download finished
2024-07-17 12:16:30,147 DEBUG:Starting
2024-07-17 12:16:30,246 DEBUG:Returning
2024-07-17 12:16:30,247 ERROR:
    Error 263 for command:
        close erika.mp3
    El dispositivo especificado no está abierto o MCI no lo reconoce.
2024-07-17 12:16:30,247 WARNING:Failed to close the file: erika.mp3
2024-07-17 12:16:35,258 DEBUG:matched regex search: (?:v=|\/)([0-9A-Za-z_-]{11}).*
2024-07-17 12:16:35,830 DEBUG:applying descrambler
2024-07-17 12:16:35,831 DEBUG:finding initial function name
2024-07-17 12:16:35,832 DEBUG:Pattern failed: ytplayer\.config\s*=\s*
2024-07-17 12:16:35,832 DEBUG:Could not parse object.
2024-07-17 12:16:35,851 DEBUG:finished regex search, matched: (/s/player/[\w\d]+/[\w\d_/.]+/base\.js)
2024-07-17 12:16:35,851 DEBUG:finding initial function name
2024-07-17 12:16:36,063 DEBUG:finished regex search, matched: (?P<sig>[a-zA-Z0-9$]+)\s*=\s*function\(\s*a\s*\)\s*{\s*a\s*=\s*a\.split\(\s*""\s*\)
2024-07-17 12:16:36,063 DEBUG:Finding throttling function name
2024-07-17 12:16:36,066 DEBUG:finished regex search, matched: (?:\.get\(\"n\"\)\)&&\(b=|b=String\.fromCharCode\(\d+\),c=a\.get\(b\)\)&&\(c=)([a-zA-Z0-9$]+)(?:\[(\d+)\])?\([a-zA-Z0-9]\)
2024-07-17 12:16:36,067 DEBUG:signature found, skip decipher
2024-07-17 12:16:36,067 DEBUG:signature found, skip decipher
2024-07-17 12:16:36,067 DEBUG:signature found, skip decipher
2024-07-17 12:16:36,067 DEBUG:signature found, skip decipher
2024-07-17 12:16:36,067 DEBUG:signature found, skip decipher
2024-07-17 12:16:36,067 DEBUG:signature found, skip decipher
2024-07-17 12:16:36,068 DEBUG:signature found, skip decipher
2024-07-17 12:16:36,068 DEBUG:signature found, skip decipher
2024-07-17 12:16:36,068 DEBUG:signature found, skip decipher
2024-07-17 12:16:36,068 DEBUG:signature found, skip decipher
2024-07-17 12:16:36,068 DEBUG:signature found, skip decipher
2024-07-17 12:16:36,068 DEBUG:signature found, skip decipher
2024-07-17 12:16:36,069 DEBUG:signature found, skip decipher
2024-07-17 12:16:36,069 DEBUG:signature found, skip decipher
2024-07-17 12:16:36,069 DEBUG:signature found, skip decipher
2024-07-17 12:16:36,069 DEBUG:signature found, skip decipher
2024-07-17 12:16:36,069 DEBUG:signature found, skip decipher
2024-07-17 12:16:36,069 DEBUG:signature found, skip decipher
2024-07-17 12:16:36,069 DEBUG:signature found, skip decipher
2024-07-17 12:16:36,070 DEBUG:signature found, skip decipher
2024-07-17 12:16:36,101 DEBUG:downloading (1235455 total bytes) file to C:/Users/mativ/Documents\temp_video.mp4
2024-07-17 12:16:36,209 DEBUG:download remaining: 0
2024-07-17 12:16:36,209 DEBUG:download finished
2024-07-17 12:16:36,210 DEBUG:downloading (74265 total bytes) file to C:/Users/mativ/Documents\temp_audio.mp4
2024-07-17 12:16:36,288 DEBUG:download remaining: 0
2024-07-17 12:16:36,289 DEBUG:download finished
2024-07-17 12:16:36,639 DEBUG:Starting
2024-07-17 12:16:36,709 DEBUG:Returning
2024-07-17 12:16:36,709 ERROR:
    Error 263 for command:
        close erika.mp3
    El dispositivo especificado no está abierto o MCI no lo reconoce.
2024-07-17 12:16:36,709 WARNING:Failed to close the file: erika.mp3
2024-07-17 12:16:36,785 DEBUG:matched regex search: (?:v=|\/)([0-9A-Za-z_-]{11}).*
2024-07-17 12:16:55,006 DEBUG:Starting
2024-07-17 12:16:55,179 DEBUG:Returning
2024-07-17 12:16:55,179 ERROR:
    Error 263 for command:
        close erika.mp3
    El dispositivo especificado no está abierto o MCI no lo reconoce.
2024-07-17 12:16:55,179 WARNING:Failed to close the file: erika.mp3
2024-07-17 12:17:03,818 DEBUG:matched regex search: (?:v=|\/)([0-9A-Za-z_-]{11}).*
2024-07-17 12:17:04,390 DEBUG:applying descrambler
2024-07-17 12:17:04,391 DEBUG:finding initial function name
2024-07-17 12:17:04,392 DEBUG:Pattern failed: ytplayer\.config\s*=\s*
2024-07-17 12:17:04,392 DEBUG:Could not parse object.
2024-07-17 12:17:04,411 DEBUG:finished regex search, matched: (/s/player/[\w\d]+/[\w\d_/.]+/base\.js)
2024-07-17 12:17:04,542 DEBUG:finding initial function name
2024-07-17 12:17:04,754 DEBUG:finished regex search, matched: (?P<sig>[a-zA-Z0-9$]+)\s*=\s*function\(\s*a\s*\)\s*{\s*a\s*=\s*a\.split\(\s*""\s*\)
2024-07-17 12:17:04,754 DEBUG:Finding throttling function name
2024-07-17 12:17:04,757 DEBUG:finished regex search, matched: (?:\.get\(\"n\"\)\)&&\(b=|b=String\.fromCharCode\(\d+\),c=a\.get\(b\)\)&&\(c=)([a-zA-Z0-9$]+)(?:\[(\d+)\])?\([a-zA-Z0-9]\)
2024-07-17 12:17:04,758 DEBUG:signature found, skip decipher
2024-07-17 12:17:04,758 DEBUG:signature found, skip decipher
2024-07-17 12:17:04,759 DEBUG:signature found, skip decipher
2024-07-17 12:17:04,759 DEBUG:signature found, skip decipher
2024-07-17 12:17:04,759 DEBUG:signature found, skip decipher
2024-07-17 12:17:04,759 DEBUG:signature found, skip decipher
2024-07-17 12:17:04,759 DEBUG:signature found, skip decipher
2024-07-17 12:17:04,759 DEBUG:signature found, skip decipher
2024-07-17 12:17:04,759 DEBUG:signature found, skip decipher
2024-07-17 12:17:04,760 DEBUG:signature found, skip decipher
2024-07-17 12:17:04,760 DEBUG:signature found, skip decipher
2024-07-17 12:17:04,760 DEBUG:signature found, skip decipher
2024-07-17 12:17:04,760 DEBUG:signature found, skip decipher
2024-07-17 12:17:04,760 DEBUG:signature found, skip decipher
2024-07-17 12:17:04,760 DEBUG:signature found, skip decipher
2024-07-17 12:17:04,760 DEBUG:signature found, skip decipher
2024-07-17 12:17:04,761 DEBUG:signature found, skip decipher
2024-07-17 12:17:04,761 DEBUG:signature found, skip decipher
2024-07-17 12:17:04,761 DEBUG:signature found, skip decipher
2024-07-17 12:17:04,761 DEBUG:signature found, skip decipher
2024-07-17 12:17:04,762 DEBUG:downloading (154064 total bytes) file to C:/Users/mativ/Documents\Mood Change - Umineko.webm
2024-07-17 12:17:04,858 DEBUG:download remaining: 0
2024-07-17 12:17:04,859 DEBUG:download finished
2024-07-17 12:17:04,861 DEBUG:Starting
2024-07-17 12:17:04,962 DEBUG:Returning
2024-07-17 12:17:04,962 ERROR:
    Error 263 for command:
        close erika.mp3
    El dispositivo especificado no está abierto o MCI no lo reconoce.
2024-07-17 12:17:04,962 WARNING:Failed to close the file: erika.mp3
2024-07-17 12:17:14,282 DEBUG:matched regex search: (?:v=|\/)([0-9A-Za-z_-]{11}).*
2024-07-17 12:17:14,852 DEBUG:applying descrambler
2024-07-17 12:17:14,853 DEBUG:finding initial function name
2024-07-17 12:17:14,854 DEBUG:Pattern failed: ytplayer\.config\s*=\s*
2024-07-17 12:17:14,854 DEBUG:Could not parse object.
2024-07-17 12:17:14,870 DEBUG:finished regex search, matched: (/s/player/[\w\d]+/[\w\d_/.]+/base\.js)
2024-07-17 12:17:14,870 DEBUG:finding initial function name
2024-07-17 12:17:15,084 DEBUG:finished regex search, matched: (?P<sig>[a-zA-Z0-9$]+)\s*=\s*function\(\s*a\s*\)\s*{\s*a\s*=\s*a\.split\(\s*""\s*\)
2024-07-17 12:17:15,085 DEBUG:Finding throttling function name
2024-07-17 12:17:15,087 DEBUG:finished regex search, matched: (?:\.get\(\"n\"\)\)&&\(b=|b=String\.fromCharCode\(\d+\),c=a\.get\(b\)\)&&\(c=)([a-zA-Z0-9$]+)(?:\[(\d+)\])?\([a-zA-Z0-9]\)
2024-07-17 12:17:15,088 DEBUG:signature found, skip decipher
2024-07-17 12:17:15,089 DEBUG:signature found, skip decipher
2024-07-17 12:17:15,089 DEBUG:signature found, skip decipher
2024-07-17 12:17:15,089 DEBUG:signature found, skip decipher
2024-07-17 12:17:15,089 DEBUG:signature found, skip decipher
2024-07-17 12:17:15,089 DEBUG:signature found, skip decipher
2024-07-17 12:17:15,089 DEBUG:signature found, skip decipher
2024-07-17 12:17:15,089 DEBUG:signature found, skip decipher
2024-07-17 12:17:15,090 DEBUG:signature found, skip decipher
2024-07-17 12:17:15,090 DEBUG:signature found, skip decipher
2024-07-17 12:17:15,090 DEBUG:signature found, skip decipher
2024-07-17 12:17:15,090 DEBUG:signature found, skip decipher
2024-07-17 12:17:15,090 DEBUG:signature found, skip decipher
2024-07-17 12:17:15,090 DEBUG:signature found, skip decipher
2024-07-17 12:17:15,091 DEBUG:signature found, skip decipher
2024-07-17 12:17:15,091 DEBUG:signature found, skip decipher
2024-07-17 12:17:15,091 DEBUG:signature found, skip decipher
2024-07-17 12:17:15,091 DEBUG:signature found, skip decipher
2024-07-17 12:17:15,091 DEBUG:signature found, skip decipher
2024-07-17 12:17:15,091 DEBUG:signature found, skip decipher
2024-07-17 12:17:15,092 DEBUG:downloading (154064 total bytes) file to C:/Users/mativ/Documents\Mood Change - Umineko.webm
2024-07-17 12:17:15,167 DEBUG:download remaining: 0
2024-07-17 12:17:15,168 DEBUG:download finished
2024-07-17 12:17:44,482 DEBUG:matched regex search: (?:v=|\/)([0-9A-Za-z_-]{11}).*
2024-07-17 12:17:45,111 DEBUG:applying descrambler
2024-07-17 12:17:45,111 DEBUG:finding initial function name
2024-07-17 12:17:45,111 DEBUG:Pattern failed: ytplayer\.config\s*=\s*
2024-07-17 12:17:45,111 DEBUG:Could not parse object.
2024-07-17 12:17:45,127 DEBUG:finished regex search, matched: (/s/player/[\w\d]+/[\w\d_/.]+/base\.js)
2024-07-17 12:17:45,267 DEBUG:finding initial function name
2024-07-17 12:17:45,472 DEBUG:finished regex search, matched: (?P<sig>[a-zA-Z0-9$]+)\s*=\s*function\(\s*a\s*\)\s*{\s*a\s*=\s*a\.split\(\s*""\s*\)
2024-07-17 12:17:45,472 DEBUG:Finding throttling function name
2024-07-17 12:17:45,472 DEBUG:finished regex search, matched: (?:\.get\(\"n\"\)\)&&\(b=|b=String\.fromCharCode\(\d+\),c=a\.get\(b\)\)&&\(c=)([a-zA-Z0-9$]+)(?:\[(\d+)\])?\([a-zA-Z0-9]\)
2024-07-17 12:17:45,472 DEBUG:signature found, skip decipher
2024-07-17 12:17:45,472 DEBUG:signature found, skip decipher
2024-07-17 12:17:45,472 DEBUG:signature found, skip decipher
2024-07-17 12:17:45,472 DEBUG:signature found, skip decipher
2024-07-17 12:17:45,472 DEBUG:signature found, skip decipher
2024-07-17 12:17:45,472 DEBUG:signature found, skip decipher
2024-07-17 12:17:45,472 DEBUG:signature found, skip decipher
2024-07-17 12:17:45,472 DEBUG:signature found, skip decipher
2024-07-17 12:17:45,472 DEBUG:signature found, skip decipher
2024-07-17 12:17:45,472 DEBUG:signature found, skip decipher
2024-07-17 12:17:45,472 DEBUG:signature found, skip decipher
2024-07-17 12:17:45,472 DEBUG:signature found, skip decipher
2024-07-17 12:17:45,472 DEBUG:signature found, skip decipher
2024-07-17 12:17:45,488 DEBUG:signature found, skip decipher
2024-07-17 12:17:45,488 DEBUG:signature found, skip decipher
2024-07-17 12:17:45,488 DEBUG:signature found, skip decipher
2024-07-17 12:17:45,488 DEBUG:signature found, skip decipher
2024-07-17 12:17:45,488 DEBUG:signature found, skip decipher
2024-07-17 12:17:45,488 DEBUG:signature found, skip decipher
2024-07-17 12:17:45,488 DEBUG:signature found, skip decipher
2024-07-17 12:17:45,519 DEBUG:downloading (1235455 total bytes) file to C:/Users/mativ/Documents\temp_video.mp4
2024-07-17 12:17:45,613 DEBUG:download remaining: 0
2024-07-17 12:17:45,613 DEBUG:download finished
2024-07-17 12:17:45,613 DEBUG:downloading (74265 total bytes) file to C:/Users/mativ/Documents\temp_audio.mp4
2024-07-17 12:17:45,691 DEBUG:download remaining: 0
2024-07-17 12:17:45,691 DEBUG:download finished
2024-07-17 12:17:46,051 DEBUG:Starting
2024-07-17 12:17:46,202 DEBUG:Returning
2024-07-17 12:17:46,202 ERROR:
    Error 263 for command:
        close erika.mp3
    El dispositivo especificado no está abierto o MCI no lo reconoce.
2024-07-17 12:17:46,202 WARNING:Failed to close the file: erika.mp3
